# JRE version: OpenJDK Runtime Environment OpenLogic-OpenJDK (17.0.9+9) (build 17.0.9+9-adhoc..jdk17u)
# Java VM: OpenJDK 64-Bit Server VM OpenLogic-OpenJDK (17.0.9+9-adhoc..jdk17u, mixed mode, sharing, tiered, compressed oops, compressed class ptrs, g1 gc, windows-amd64)
GC Precious Log:
 CPUs: 16 total, 16 available
 Memory: 15628M
 Large Page Support: Disabled
 NUMA Support: Disabled
 Compressed Oops: Enabled (32-bit)
 Heap Region Size: 1M
 Heap Min Capacity: 8M
 Heap Initial Capacity: 246M
 Heap Max Capacity: 2G
 Pre-touch: Disabled
 Parallel Workers: 13
 Concurrent Workers: 3
 Concurrent Refinement Workers: 13
 Periodic GC: Disabled
Heap:
 garbage-first heap   total 329728K, used 259037K [0x0000000080000000, 0x0000000100000000)
  region size 1024K, 9 young (9216K), 1 survivors (1024K)
 Metaspace       used 125423K, committed 127104K, reserved 557056K
  class space    used 17024K, committed 17792K, reserved 425984K
GC Heap History (20 events):
Event: 257.236 GC heap before
{Heap before GC invocations=51 (full 0):
 garbage-first heap   total 329728K, used 281944K [0x0000000080000000, 0x0000000100000000)
  region size 1024K, 37 young (37888K), 5 survivors (5120K)
 Metaspace       used 115769K, committed 117376K, reserved 557056K
  class space    used 15797K, committed 16512K, reserved 425984K
}
Event: 257.239 GC heap after
{Heap after GC invocations=52 (full 0):
 garbage-first heap   total 329728K, used 250801K [0x0000000080000000, 0x0000000100000000)
  region size 1024K, 2 young (2048K), 2 survivors (2048K)
 Metaspace       used 115769K, committed 117376K, reserved 557056K
  class space    used 15797K, committed 16512K, reserved 425984K
}
Event: 257.463 GC heap before
{Heap before GC invocations=52 (full 0):
 garbage-first heap   total 329728K, used 283569K [0x0000000080000000, 0x0000000100000000)
  region size 1024K, 34 young (34816K), 2 survivors (2048K)
 Metaspace       used 115991K, committed 117632K, reserved 557056K
  class space    used 15823K, committed 16576K, reserved 425984K
}
Event: 257.465 GC heap after
{Heap after GC invocations=53 (full 0):
 garbage-first heap   total 329728K, used 252106K [0x0000000080000000, 0x0000000100000000)
  region size 1024K, 3 young (3072K), 3 survivors (3072K)
 Metaspace       used 115991K, committed 117632K, reserved 557056K
  class space    used 15823K, committed 16576K, reserved 425984K
}
Event: 257.877 GC heap before
{Heap before GC invocations=53 (full 0):
 garbage-first heap   total 329728K, used 284874K [0x0000000080000000, 0x0000000100000000)
  region size 1024K, 35 young (35840K), 3 survivors (3072K)
 Metaspace       used 116109K, committed 117696K, reserved 557056K
  class space    used 15833K, committed 16576K, reserved 425984K
}
Event: 257.879 GC heap after
{Heap after GC invocations=54 (full 0):
 garbage-first heap   total 329728K, used 253548K [0x0000000080000000, 0x0000000100000000)
  region size 1024K, 3 young (3072K), 3 survivors (3072K)
 Metaspace       used 116109K, committed 117696K, reserved 557056K
  class space    used 15833K, committed 16576K, reserved 425984K
}
Event: 592.808 GC heap before
{Heap before GC invocations=54 (full 0):
 garbage-first heap   total 329728K, used 286316K [0x0000000080000000, 0x0000000100000000)
  region size 1024K, 35 young (35840K), 3 survivors (3072K)
 Metaspace       used 116455K, committed 118080K, reserved 557056K
  class space    used 15876K, committed 16640K, reserved 425984K
}
Event: 592.811 GC heap after
{Heap after GC invocations=55 (full 0):
 garbage-first heap   total 329728K, used 253727K [0x0000000080000000, 0x0000000100000000)
  region size 1024K, 2 young (2048K), 2 survivors (2048K)
 Metaspace       used 116455K, committed 118080K, reserved 557056K
  class space    used 15876K, committed 16640K, reserved 425984K
}
Event: 593.906 GC heap before
{Heap before GC invocations=55 (full 0):
 garbage-first heap   total 329728K, used 287519K [0x0000000080000000, 0x0000000100000000)
  region size 1024K, 35 young (35840K), 2 survivors (2048K)
 Metaspace       used 117533K, committed 119232K, reserved 557056K
  class space    used 16043K, committed 16832K, reserved 425984K
}
Event: 593.908 GC heap after
{Heap after GC invocations=56 (full 0):
 garbage-first heap   total 329728K, used 255714K [0x0000000080000000, 0x0000000100000000)
  region size 1024K, 4 young (4096K), 4 survivors (4096K)
 Metaspace       used 117533K, committed 119232K, reserved 557056K
  class space    used 16043K, committed 16832K, reserved 425984K
}
Event: 594.182 GC heap before
{Heap before GC invocations=56 (full 0):
 garbage-first heap   total 329728K, used 287458K [0x0000000080000000, 0x0000000100000000)
  region size 1024K, 36 young (36864K), 4 survivors (4096K)
 Metaspace       used 119656K, committed 121408K, reserved 557056K
  class space    used 16341K, committed 17152K, reserved 425984K
}
Event: 594.185 GC heap after
{Heap after GC invocations=57 (full 0):
 garbage-first heap   total 329728K, used 256901K [0x0000000080000000, 0x0000000100000000)
  region size 1024K, 4 young (4096K), 4 survivors (4096K)
 Metaspace       used 119656K, committed 121408K, reserved 557056K
  class space    used 16341K, committed 17152K, reserved 425984K
}
Event: 594.385 GC heap before
{Heap before GC invocations=57 (full 0):
 garbage-first heap   total 329728K, used 287621K [0x0000000080000000, 0x0000000100000000)
  region size 1024K, 35 young (35840K), 4 survivors (4096K)
 Metaspace       used 120973K, committed 122688K, reserved 557056K
  class space    used 16503K, committed 17280K, reserved 425984K
}
Event: 594.388 GC heap after
{Heap after GC invocations=58 (full 0):
 garbage-first heap   total 329728K, used 259754K [0x0000000080000000, 0x0000000100000000)
  region size 1024K, 4 young (4096K), 4 survivors (4096K)
 Metaspace       used 120973K, committed 122688K, reserved 557056K
  class space    used 16503K, committed 17280K, reserved 425984K
}
Event: 594.574 GC heap before
{Heap before GC invocations=58 (full 0):
 garbage-first heap   total 329728K, used 288426K [0x0000000080000000, 0x0000000100000000)
  region size 1024K, 32 young (32768K), 4 survivors (4096K)
 Metaspace       used 121900K, committed 123584K, reserved 557056K
  class space    used 16638K, committed 17408K, reserved 425984K
}
Event: 594.576 GC heap after
{Heap after GC invocations=59 (full 0):
 garbage-first heap   total 329728K, used 261759K [0x0000000080000000, 0x0000000100000000)
  region size 1024K, 3 young (3072K), 3 survivors (3072K)
 Metaspace       used 121900K, committed 123584K, reserved 557056K
  class space    used 16638K, committed 17408K, reserved 425984K
}
Event: 594.766 GC heap before
{Heap before GC invocations=59 (full 0):
 garbage-first heap   total 329728K, used 287359K [0x0000000080000000, 0x0000000100000000)
  region size 1024K, 29 young (29696K), 3 survivors (3072K)
 Metaspace       used 124595K, committed 126336K, reserved 557056K
  class space    used 16922K, committed 17728K, reserved 425984K
}
Event: 594.768 GC heap after
{Heap after GC invocations=60 (full 0):
 garbage-first heap   total 329728K, used 262049K [0x0000000080000000, 0x0000000100000000)
  region size 1024K, 3 young (3072K), 3 survivors (3072K)
 Metaspace       used 124595K, committed 126336K, reserved 557056K
  class space    used 16922K, committed 17728K, reserved 425984K
}
Event: 594.769 GC heap before
{Heap before GC invocations=60 (full 0):
 garbage-first heap   total 329728K, used 262049K [0x0000000080000000, 0x0000000100000000)
  region size 1024K, 4 young (4096K), 3 survivors (3072K)
 Metaspace       used 124637K, committed 126336K, reserved 557056K
  class space    used 16924K, committed 17728K, reserved 425984K
}
Event: 594.771 GC heap after
{Heap after GC invocations=61 (full 0):
 garbage-first heap   total 329728K, used 262109K [0x0000000080000000, 0x0000000100000000)
  region size 1024K, 1 young (1024K), 1 survivors (1024K)
 Metaspace       used 124637K, committed 126336K, reserved 557056K
  class space    used 16924K, committed 17728K, reserved 425984K
}

